0 info it worked if it ends with ok
1 verbose cli [ '/Users/tech/.nvm/v0.10.2/bin/node',
1 verbose cli   '/Users/tech/.nvm/v0.10.2/bin/npm',
1 verbose cli   'install' ]
2 info using npm@1.2.15
3 info using node@v0.10.2
4 verbose read json /Users/tech/Documents/react.js/react-tutorial-master/package.json
5 verbose readDependencies using package.json deps
6 verbose install where, deps [ '/Users/tech/Documents/react.js/react-tutorial-master',
6 verbose install   [ 'body-parser', 'express' ] ]
7 verbose from cache /Users/tech/Documents/react.js/react-tutorial-master/package.json
8 info preinstall react-tutorial@0.0.0
9 verbose from cache /Users/tech/Documents/react.js/react-tutorial-master/package.json
10 verbose readDependencies using package.json deps
11 verbose cache add [ 'body-parser@^1.4.3', null ]
12 verbose cache add name=undefined spec="body-parser@^1.4.3" args=["body-parser@^1.4.3",null]
13 verbose parsed url { protocol: null,
13 verbose parsed url   slashes: null,
13 verbose parsed url   auth: null,
13 verbose parsed url   host: null,
13 verbose parsed url   port: null,
13 verbose parsed url   hostname: null,
13 verbose parsed url   hash: null,
13 verbose parsed url   search: null,
13 verbose parsed url   query: null,
13 verbose parsed url   pathname: 'body-parser@^1.4.3',
13 verbose parsed url   path: 'body-parser@^1.4.3',
13 verbose parsed url   href: 'body-parser@^1.4.3' }
14 verbose cache add name="body-parser" spec="^1.4.3" args=["body-parser","^1.4.3"]
15 verbose parsed url { protocol: null,
15 verbose parsed url   slashes: null,
15 verbose parsed url   auth: null,
15 verbose parsed url   host: null,
15 verbose parsed url   port: null,
15 verbose parsed url   hostname: null,
15 verbose parsed url   hash: null,
15 verbose parsed url   search: null,
15 verbose parsed url   query: null,
15 verbose parsed url   pathname: '^1.4.3',
15 verbose parsed url   path: '^1.4.3',
15 verbose parsed url   href: '^1.4.3' }
16 verbose addNamed [ 'body-parser', '^1.4.3' ]
17 verbose addNamed [ null, null ]
18 verbose cache add [ 'express@^4.4.5', null ]
19 verbose cache add name=undefined spec="express@^4.4.5" args=["express@^4.4.5",null]
20 verbose parsed url { protocol: null,
20 verbose parsed url   slashes: null,
20 verbose parsed url   auth: null,
20 verbose parsed url   host: null,
20 verbose parsed url   port: null,
20 verbose parsed url   hostname: null,
20 verbose parsed url   hash: null,
20 verbose parsed url   search: null,
20 verbose parsed url   query: null,
20 verbose parsed url   pathname: 'express@^4.4.5',
20 verbose parsed url   path: 'express@^4.4.5',
20 verbose parsed url   href: 'express@^4.4.5' }
21 verbose cache add name="express" spec="^4.4.5" args=["express","^4.4.5"]
22 verbose parsed url { protocol: null,
22 verbose parsed url   slashes: null,
22 verbose parsed url   auth: null,
22 verbose parsed url   host: null,
22 verbose parsed url   port: null,
22 verbose parsed url   hostname: null,
22 verbose parsed url   hash: null,
22 verbose parsed url   search: null,
22 verbose parsed url   query: null,
22 verbose parsed url   pathname: '^4.4.5',
22 verbose parsed url   path: '^4.4.5',
22 verbose parsed url   href: '^4.4.5' }
23 verbose addNamed [ 'express', '^4.4.5' ]
24 verbose addNamed [ null, null ]
25 silly lockFile d9294800-body-parser-1-4-3 body-parser@^1.4.3
26 verbose lock body-parser@^1.4.3 /Users/tech/.npm/d9294800-body-parser-1-4-3.lock
27 silly lockFile 2ccc2f38-express-4-4-5 express@^4.4.5
28 verbose lock express@^4.4.5 /Users/tech/.npm/2ccc2f38-express-4-4-5.lock
29 info addNameTag [ 'body-parser', '^1.4.3' ]
30 info addNameTag [ 'express', '^4.4.5' ]
31 verbose url raw body-parser
32 verbose url resolving [ 'https://registry.npmjs.org/', './body-parser' ]
33 verbose url resolved https://registry.npmjs.org/body-parser
34 info trying registry request attempt 1 at 10:43:44
35 verbose etag "217PNF5LZ3SDLN54DG777KX06"
36 http GET https://registry.npmjs.org/body-parser
37 verbose url raw express
38 verbose url resolving [ 'https://registry.npmjs.org/', './express' ]
39 verbose url resolved https://registry.npmjs.org/express
40 info trying registry request attempt 1 at 10:43:44
41 verbose etag "6D8BA07VXQUUJFB65JQM6A94F"
42 http GET https://registry.npmjs.org/express
43 http 304 https://registry.npmjs.org/express
44 silly registry.get cb [ 304,
44 silly registry.get   { date: 'Thu, 09 Jun 2016 09:43:25 GMT',
44 silly registry.get     via: '1.1 varnish',
44 silly registry.get     'cache-control': 'max-age=300',
44 silly registry.get     etag: '"6D8BA07VXQUUJFB65JQM6A94F"',
44 silly registry.get     age: '137',
44 silly registry.get     connection: 'keep-alive',
44 silly registry.get     'x-served-by': 'cache-fra1235-FRA',
44 silly registry.get     'x-cache': 'HIT',
44 silly registry.get     'x-cache-hits': '2',
44 silly registry.get     'x-timer': 'S1465465405.889184,VS0,VE0',
44 silly registry.get     vary: 'Accept-Encoding' } ]
45 verbose etag express from cache
46 silly lockFile 2ccc2f38-express-4-4-5 express@^4.4.5
47 silly lockFile 2ccc2f38-express-4-4-5 express@^4.4.5
48 error Error: No compatible version found: express@'^4.4.5'
48 error Valid install targets:
48 error ["0.14.0","0.14.1","1.0.0","1.0.1","1.0.2","1.0.3","1.0.4","1.0.5","1.0.6","1.0.7","1.0.8","2.0.0","2.1.0","2.1.1","2.2.0","2.2.1","2.2.2","2.3.0","2.3.1","2.3.2","2.3.3","2.3.4","2.3.5","2.3.6","2.3.7","2.3.8","2.3.9","2.3.10","2.3.11","2.3.12","2.4.0","2.4.1","2.4.2","2.4.3","2.4.4","2.4.5","2.4.6","2.4.7","2.5.0","2.5.1","2.5.2","2.5.3","2.5.4","2.5.5","2.5.6","2.5.7","2.5.8","2.5.9","2.5.10","2.5.11","3.0.0","3.0.1","3.0.2","3.0.3","3.0.4","3.0.5","3.0.6","3.1.0","3.1.1","3.1.2","3.2.0","3.2.1","3.2.2","3.2.3","3.2.4","3.2.5","3.2.6","3.3.0","3.3.1","3.3.2","3.3.3","3.3.4","3.3.5","3.3.6","1.0.0-beta","1.0.0-beta2","1.0.0-rc","1.0.0-rc2","1.0.0-rc3","1.0.0-rc4","2.0.0-beta","2.0.0-beta2","2.0.0-beta3","2.0.0-rc","2.0.0-rc2","2.0.0-rc3","3.0.0-alpha1","3.0.0-alpha2","3.0.0-alpha3","3.0.0-alpha4","3.0.0-alpha5","3.0.0-beta1","3.0.0-beta2","3.0.0-beta3","3.0.0-beta4","3.0.0-beta6","3.0.0-beta7","3.0.0-rc1","3.0.0-rc2","3.0.0-rc3","3.0.0-rc4","3.0.0-rc5","3.3.7","3.3.8","3.4.0","3.4.1","3.4.2","3.4.3","3.4.4","3.4.5","3.4.6","3.4.7","3.4.8","4.0.0-rc1","4.0.0-rc2","3.5.0","4.0.0-rc3","4.0.0-rc4","3.5.1","4.0.0","3.5.2","4.1.0","4.1.1","3.5.3","4.1.2","3.6.0","4.2.0","3.7.0","3.8.0","4.3.0","4.3.1","3.8.1","4.3.2","3.9.0","4.4.0","4.4.1","3.10.0","3.10.1","3.10.2","3.10.3","3.10.4","4.4.2","3.10.5","4.4.3","3.11.0","4.4.4","3.12.0","3.12.1","4.4.5","3.13.0","4.5.0","4.5.1","3.14.0","4.6.0","4.6.1","3.15.0","4.7.0","3.15.1","4.7.1","3.15.2","4.7.2","4.7.3","3.15.3","4.7.4","3.16.0","4.8.0","3.16.1","4.8.1","3.16.2","4.8.2","3.16.3","3.16.4","4.8.3","3.16.5","3.16.6","4.8.4","3.16.7","4.8.5","3.16.8","4.8.6","3.16.9","4.8.7","3.16.10","4.8.8","3.17.0","3.17.1","4.9.0","3.17.2","4.9.1","4.9.2","3.17.3","4.9.3","3.17.4","4.9.4","3.17.5","4.9.5","3.17.6","3.17.7","4.9.6","4.9.7","3.17.8","4.9.8","3.18.0","3.18.1","4.10.0","3.18.2","4.10.1","5.0.0-alpha.1","3.18.3","4.10.2","3.18.4","4.10.3","4.10.4","4.10.5","3.18.5","3.18.6","4.10.6","4.10.7","3.19.0","4.10.8","4.11.0","3.19.1","4.11.1","3.19.2","4.11.2","3.20.0","4.12.0","3.20.1","4.12.1","4.12.2","3.20.2","4.12.3","3.20.3","4.12.4","3.21.0","4.13.0","3.21.1","4.13.1","5.0.0-alpha.2","3.21.2","4.13.2","4.13.3","4.13.4"]
48 error     at installTargetsError (/Users/tech/.nvm/v0.10.2/lib/node_modules/npm/lib/cache.js:685:10)
48 error     at /Users/tech/.nvm/v0.10.2/lib/node_modules/npm/lib/cache.js:607:10
48 error     at saved (/Users/tech/.nvm/v0.10.2/lib/node_modules/npm/node_modules/npm-registry-client/lib/get.js:138:7)
48 error     at Object.oncomplete (fs.js:107:15)
49 error If you need help, you may report this log at:
49 error     <http://github.com/isaacs/npm/issues>
49 error or email it to:
49 error     <npm-@googlegroups.com>
50 error System Darwin 15.5.0
51 error command "/Users/tech/.nvm/v0.10.2/bin/node" "/Users/tech/.nvm/v0.10.2/bin/npm" "install"
52 error cwd /Users/tech/Documents/react.js/react-tutorial-master
53 error node -v v0.10.2
54 error npm -v 1.2.15
55 verbose exit [ 1, true ]
